[2017-05-04 18:02:23.212] [jointLog] [info] parsing read library format
[2017-05-04 18:02:23.212] [jointLog] [info] There is 1 library.
[2017-05-04 18:02:23.311] [jointLog] [info] Loading Quasi index
[2017-05-04 18:02:23.312] [jointLog] [info] Loading 32-bit quasi index
[2017-05-04 18:02:37.484] [jointLog] [info] done
[2017-05-04 18:02:37.484] [jointLog] [info] Index contained 143335 targets
[2017-05-04 18:06:39.804] [jointLog] [info] Computed 235694 rich equivalence classes for further processing
[2017-05-04 18:06:39.804] [jointLog] [info] Counted 21874387 total reads in the equivalence classes 
[2017-05-04 18:06:39.869] [jointLog] [info] Mapping rate = 52.8001%

[2017-05-04 18:06:39.869] [jointLog] [info] finished quantifyLibrary()
[2017-05-04 18:06:39.805] [fileLog] [info] 
At end of round 0
==================
Observed 41428670 total fragments (41428670 in most recent round)

[2017-05-04 18:06:39.988] [jointLog] [info] Starting optimizer
[2017-05-04 18:06:40.225] [jointLog] [info] Marked 0 weighted equivalence classes as degenerate
[2017-05-04 18:06:40.243] [jointLog] [info] iteration = 0 | max rel diff. = 84.1424
[2017-05-04 18:06:40.426] [jointLog] [info] iteration 11, adjusting effective lengths to account for biases
[2017-05-04 18:06:43.030] [jointLog] [info] Computed expected counts (for bias correction)
[2017-05-04 18:06:43.031] [jointLog] [info] processed bias for 0.0% of the transcripts
[2017-05-04 18:06:47.121] [jointLog] [info] processed bias for 10.0% of the transcripts
[2017-05-04 18:06:51.164] [jointLog] [info] processed bias for 20.0% of the transcripts
[2017-05-04 18:06:55.343] [jointLog] [info] processed bias for 30.0% of the transcripts
[2017-05-04 18:06:59.511] [jointLog] [info] processed bias for 40.0% of the transcripts
[2017-05-04 18:07:03.598] [jointLog] [info] processed bias for 50.0% of the transcripts
[2017-05-04 18:07:07.643] [jointLog] [info] processed bias for 60.0% of the transcripts
[2017-05-04 18:07:11.783] [jointLog] [info] processed bias for 70.0% of the transcripts
[2017-05-04 18:07:15.913] [jointLog] [info] processed bias for 80.0% of the transcripts
[2017-05-04 18:07:17.198] [jointLog] [info] processed bias for 100.0% of the transcripts
[2017-05-04 18:07:18.902] [jointLog] [info] iteration = 100 | max rel diff. = 0.348487
[2017-05-04 18:07:20.792] [jointLog] [info] iteration = 200 | max rel diff. = 0.130246
[2017-05-04 18:07:22.684] [jointLog] [info] iteration = 300 | max rel diff. = 0.123005
[2017-05-04 18:07:24.578] [jointLog] [info] iteration = 400 | max rel diff. = 0.0337415
[2017-05-04 18:07:26.473] [jointLog] [info] iteration = 500 | max rel diff. = 0.0434706
[2017-05-04 18:07:28.369] [jointLog] [info] iteration = 600 | max rel diff. = 0.0384524
[2017-05-04 18:07:30.265] [jointLog] [info] iteration = 700 | max rel diff. = 0.0417866
[2017-05-04 18:07:32.163] [jointLog] [info] iteration = 800 | max rel diff. = 0.0156466
[2017-05-04 18:07:34.060] [jointLog] [info] iteration = 900 | max rel diff. = 0.0214615
[2017-05-04 18:07:35.957] [jointLog] [info] iteration = 1000 | max rel diff. = 0.0185926
[2017-05-04 18:07:37.856] [jointLog] [info] iteration = 1100 | max rel diff. = 0.0154165
[2017-05-04 18:07:39.756] [jointLog] [info] iteration = 1200 | max rel diff. = 0.0240521
[2017-05-04 18:07:40.783] [jointLog] [info] iteration = 1255 | max rel diff. = 0.00992678
[2017-05-04 18:07:40.797] [jointLog] [info] Finished optimizer
[2017-05-04 18:07:40.797] [jointLog] [info] writing output 

[2017-05-04 18:07:41.311] [jointLog] [warning] NOTE: Read Lib [( /seqdata/sandelin/projects/SKINCANCER/RNAseq/RNAPipe/00_seqdata/Sample_RNAseq_WT_30jun//Sample_RNAseq_WT_30jun_R1.fastq, /seqdata/sandelin/projects/SKINCANCER/RNAseq/RNAPipe/00_seqdata/Sample_RNAseq_WT_30jun//Sample_RNAseq_WT_30jun_R2.fastq )] :

Greater than 5% of the fragments disagreed with the provided library type; check the file: Sample_RNAseq_WT_30jun/lib_format_counts.json for details

